[frisk-nextapp.vercel.app/index.html]
[frisk-nextapp.vercel.app/_next/static/media/0484562807a97172-s.p.woff2]
[frisk-nextapp.vercel.app/_next/static/media/176b159565394c49-s.p.woff2]
[frisk-nextapp.vercel.app/_next/static/media/4c285fdca692ea22-s.p.woff2]
[frisk-nextapp.vercel.app/_next/static/media/7db6c35d839a711c-s.p.woff2]
[frisk-nextapp.vercel.app/_next/static/media/8888a3826f4a3af4-s.p.woff2]
[frisk-nextapp.vercel.app/_next/static/media/b957ea75a84b6ea7-s.p.woff2]
[frisk-nextapp.vercel.app/_next/static/media/eafabf029ad39a43-s.p.woff2]
[frisk-nextapp.vercel.app/assets/img/portfolio/portfolio1_1.jpg]
[frisk-nextapp.vercel.app/assets/img/portfolio/portfolio1_2.jpg]
[frisk-nextapp.vercel.app/assets/img/portfolio/portfolio1_3.jpg]
[frisk-nextapp.vercel.app/assets/img/portfolio/portfolio1_4.jpg]
[frisk-nextapp.vercel.app/_next/static/css/42eda3b4cbda7520.css]
[frisk-nextapp.vercel.app/_next/static/css/00c0fe84eb1868f4.css]
[frisk-nextapp.vercel.app/_next/static/css/6c6dcbd99c8d8055.css]
[frisk-nextapp.vercel.app/_next/static/css/1c639d07d856b012.css]
[frisk-nextapp.vercel.app/_next/static/chunks/webpack-88c45991830649d7.js]
[frisk-nextapp.vercel.app/_next/static/chunks/4bd1b696-7ab96a110a279fce.js]
[frisk-nextapp.vercel.app/_next/static/chunks/1517-2de6187465cd627f.js]
[frisk-nextapp.vercel.app/_next/static/chunks/main-app-1f899c2608d7174e.js]
[frisk-nextapp.vercel.app/_next/static/chunks/9951-505e0d9578c83799.js]
[frisk-nextapp.vercel.app/_next/static/chunks/app/layout-bfb19edf31c5ef5c.js]
[frisk-nextapp.vercel.app/_next/static/chunks/c15bf2b0-824621c4bb558288.js]
[frisk-nextapp.vercel.app/_next/static/chunks/8992-b95a0ff0083ccf22.js]
[frisk-nextapp.vercel.app/_next/static/chunks/1478-62a8aa9bd3e842f0.js]
[frisk-nextapp.vercel.app/_next/static/chunks/494-4fd4917a0e0ca873.js]
[frisk-nextapp.vercel.app/_next/static/chunks/app/not-found-e90615830329f5e5.js]
[frisk-nextapp.vercel.app/_next/static/chunks/1151-83765a3546370b02.js]
[frisk-nextapp.vercel.app/_next/static/chunks/5143-1af8031010ba4c58.js]
[frisk-nextapp.vercel.app/_next/static/chunks/3675-7138738bbbcdc401.js]
[frisk-nextapp.vercel.app/_next/static/chunks/app/page-e160df5a63a4c84a.js]
[backblue.gif]
[fade.gif]
[index.html]
[frisk-nextapp.vercel.app/favicon.ico]
[frisk-nextapp.vercel.app/_next/static/chunks/polyfills-42372ed130431b0a.js]
[frisk-nextapp.vercel.app/assets/img/logo-white.svg]
[frisk-nextapp.vercel.app/contact.html]
[frisk-nextapp.vercel.app/assets/img/logo.svg]
[frisk-nextapp.vercel.app/home-2.html]
[frisk-nextapp.vercel.app/home-3.html]
[frisk-nextapp.vercel.app/home-4.html]
[frisk-nextapp.vercel.app/home-5.html]
[frisk-nextapp.vercel.app/home-6.html]
[frisk-nextapp.vercel.app/home-7.html]
[frisk-nextapp.vercel.app/home-8.html]
[frisk-nextapp.vercel.app/home-9.html]
[frisk-nextapp.vercel.app/home-10.html]
[frisk-nextapp.vercel.app/home-11.html]
[frisk-nextapp.vercel.app/home-12.html]
[frisk-nextapp.vercel.app/about.html]
[frisk-nextapp.vercel.app/service.html]
[frisk-nextapp.vercel.app/service-2.html]
[frisk-nextapp.vercel.app/service-3.html]
[frisk-nextapp.vercel.app/service-details/2.html]
[frisk-nextapp.vercel.app/team.html]
[frisk-nextapp.vercel.app/team-details/2.html]
[frisk-nextapp.vercel.app/pricing.html]
[frisk-nextapp.vercel.app/shop.html]
[frisk-nextapp.vercel.app/shop-details/2.html]
[frisk-nextapp.vercel.app/cart.html]
[frisk-nextapp.vercel.app/checkout.html]
[frisk-nextapp.vercel.app/faq.html]
[frisk-nextapp.vercel.app/error.html]
[frisk-nextapp.vercel.app/project.html]
[frisk-nextapp.vercel.app/project-2.html]
[frisk-nextapp.vercel.app/project-3.html]
[frisk-nextapp.vercel.app/project-4.html]
[frisk-nextapp.vercel.app/project-5.html]
[frisk-nextapp.vercel.app/project-6.html]
[frisk-nextapp.vercel.app/project-details/2.html]
[frisk-nextapp.vercel.app/blog.html]
[frisk-nextapp.vercel.app/blog-2.html]
[frisk-nextapp.vercel.app/blog-details/2.html]
[frisk-nextapp.vercel.app/assets/img/icon/worldwide.svg]
[frisk-nextapp.vercel.app/assets/img/normal/about_1-1.jpg]
[frisk-nextapp.vercel.app/assets/img/bg/portfolio-1-bg.png]
[frisk-nextapp.vercel.app/project-details/1.html]
[frisk-nextapp.vercel.app/project-details/3.html]
[frisk-nextapp.vercel.app/project-details/4.html]
[frisk-nextapp.vercel.app/assets/img/team/team-1-1.png]
[frisk-nextapp.vercel.app/team-details/1.html]
[frisk-nextapp.vercel.app/assets/img/team/team-1-2.png]
[frisk-nextapp.vercel.app/assets/img/team/team-1-3.png]
[frisk-nextapp.vercel.app/team-details/3.html]
[frisk-nextapp.vercel.app/assets/img/team/team-1-4.png]
[frisk-nextapp.vercel.app/team-details/4.html]
[frisk-nextapp.vercel.app/assets/img/testimonial/testi_thumb1_1.jpg]
[frisk-nextapp.vercel.app/blog-details/1.html]
[frisk-nextapp.vercel.app/assets/img/blog/blog_1_1.png]
[frisk-nextapp.vercel.app/assets/img/blog/blog_1_2.png]
[frisk-nextapp.vercel.app/blog-details/3.html]
[frisk-nextapp.vercel.app/assets/img/blog/blog_1_3.png]
[frisk-nextapp.vercel.app/privacy-policy.5e.delayed]
[frisk-nextapp.vercel.app/terms-conditions.5f.delayed]
[frisk-nextapp.vercel.app/index.html]
[frisk-nextapp.vercel.app/_next/static/css/42eda3b4cbda7520.css]
[frisk-nextapp.vercel.app/_next/static/media/fa-brands-400.0e53fe4f.woff]
[frisk-nextapp.vercel.app/_next/static/media/fa-brands-400.0e53fe4fd41d.woff]
[frisk-nextapp.vercel.app/_next/static/media/fa-brands-400.7edea186.woff2]
[frisk-nextapp.vercel.app/_next/static/media/fa-regular-400.04dd5282.woff]
[frisk-nextapp.vercel.app/_next/static/media/fa-regular-400.04dd5282d41d.woff]
[frisk-nextapp.vercel.app/_next/static/media/fa-regular-400.e2b3a9dc.woff2]
[frisk-nextapp.vercel.app/_next/static/media/fa-regular-400.7346017c.ttf]
[frisk-nextapp.vercel.app/_next/static/media/fa-solid-900.e67670b0.woff]
[frisk-nextapp.vercel.app/_next/static/media/fa-solid-900.e67670b0d41d.woff]
[frisk-nextapp.vercel.app/_next/static/media/fa-solid-900.620019ed.woff2]
[frisk-nextapp.vercel.app/_next/static/css/00c0fe84eb1868f4.css]
[frisk-nextapp.vercel.app/_next/static/css/6c6dcbd99c8d8055.css]
[frisk-nextapp.vercel.app/_next/static/media/fa-solid-900.d5b0a356.ttf]
[frisk-nextapp.vercel.app/_next/static/media/e546cf32c9d4702c-s.woff2]
[frisk-nextapp.vercel.app/_next/static/media/d76fe899475ae4d7-s.woff2]
[frisk-nextapp.vercel.app/_next/static/media/8048a25e80cc4179-s.woff2]
[frisk-nextapp.vercel.app/_next/static/media/84e2ca9032588f29-s.woff2]
[frisk-nextapp.vercel.app/_next/static/media/6c9a125e97d835e1-s.woff2]
[frisk-nextapp.vercel.app/_next/static/media/fe0777f1195381cb-s.woff2]
[frisk-nextapp.vercel.app/_next/static/media/f10b8e9d91f3edcb-s.woff2]
[frisk-nextapp.vercel.app/_next/static/media/c3bc380753a8436c-s.woff2]
[frisk-nextapp.vercel.app/_next/static/media/a1386beebedccca4-s.woff2]
[frisk-nextapp.vercel.app/_next/static/media/5fb25f343c7550ca-s.woff2]
[frisk-nextapp.vercel.app/_next/static/css/1c639d07d856b012.css]
[frisk-nextapp.vercel.app/assets/img/icon/close.svg]
[frisk-nextapp.vercel.app/assets/img/icon/search-white.svg]
[frisk-nextapp.vercel.app/assets/img/logo-white.svg]
[frisk-nextapp.vercel.app/_next/static/chunks/5051-2b333426c86ec0e2.js]
[frisk-nextapp.vercel.app/_next/static/chunks/app/contact/page-21454fd53ff0b0db.js]
[frisk-nextapp.vercel.app/assets/img/bg/breadcumb-bg1-6.jpg]
[frisk-nextapp.vercel.app/contact.html]
[frisk-nextapp.vercel.app/assets/img/logo.svg]
[frisk-nextapp.vercel.app/_next/static/chunks/app/(homes)/home-2/page-e989074d926311fe.js]
[frisk-nextapp.vercel.app/assets/img/logo-white-sm.svg]
[frisk-nextapp.vercel.app/assets/img/hero/hero-2-1.jpg]
[frisk-nextapp.vercel.app/service-details/1.html]
[frisk-nextapp.vercel.app/service-details/3.html]
[frisk-nextapp.vercel.app/service-details/4.html]
[frisk-nextapp.vercel.app/assets/img/normal/service_2-1.jpg]
[frisk-nextapp.vercel.app/project-details/11.html]
[frisk-nextapp.vercel.app/assets/img/portfolio/portfolio2_2.jpg]
[frisk-nextapp.vercel.app/project-details/12.html]
[frisk-nextapp.vercel.app/assets/img/portfolio/portfolio2_3.jpg]
[frisk-nextapp.vercel.app/project-details/7.html]
[frisk-nextapp.vercel.app/assets/img/portfolio/portfolio2_1.jpg]
[frisk-nextapp.vercel.app/project-details/8.html]
[frisk-nextapp.vercel.app/project-details/9.html]
[frisk-nextapp.vercel.app/project-details/10.html]
[frisk-nextapp.vercel.app/assets/img/normal/video_2-1.jpg]
[frisk-nextapp.vercel.app/assets/img/client/client-1-1.svg]
[frisk-nextapp.vercel.app/assets/img/client/client-1-2.svg]
[frisk-nextapp.vercel.app/assets/img/client/client-1-3.svg]
[frisk-nextapp.vercel.app/assets/img/client/client-1-4.svg]
[frisk-nextapp.vercel.app/assets/img/client/client-1-5.svg]
[frisk-nextapp.vercel.app/assets/img/client/client-1-6.svg]
[frisk-nextapp.vercel.app/assets/img/client/client-1-7.svg]
[frisk-nextapp.vercel.app/home-2.html]
[frisk-nextapp.vercel.app/assets/img/client/client-1-8.svg]
[frisk-nextapp.vercel.app/_next/static/chunks/1586-b6289d476d3b5f22.js]
[frisk-nextapp.vercel.app/_next/static/chunks/1049-6330308962beb957.js]
[frisk-nextapp.vercel.app/_next/static/chunks/app/(homes)/home-3/page-2068cada9f7fe1a2.js]
[frisk-nextapp.vercel.app/assets/img/hero/hero-3-1.jpg]
[frisk-nextapp.vercel.app/assets/img/normal/why_3-1.jpg]
[frisk-nextapp.vercel.app/project-details/13.html]
[frisk-nextapp.vercel.app/project-details/14.html]
[frisk-nextapp.vercel.app/project-details/15.html]
[frisk-nextapp.vercel.app/project-details/16.html]
[frisk-nextapp.vercel.app/project-details/17.html]
[frisk-nextapp.vercel.app/service-details/5.html]
[frisk-nextapp.vercel.app/service-details/6.html]
[frisk-nextapp.vercel.app/home-3.html]
[frisk-nextapp.vercel.app/service-details/7.html]
[frisk-nextapp.vercel.app/_next/static/chunks/app/(homes)/home-4/page-6a7de68c29b53ac1.js]
[frisk-nextapp.vercel.app/assets/img/hero/hero-4-1.jpg]
[frisk-nextapp.vercel.app/assets/img/hero/hero-counter1-1.png]
[frisk-nextapp.vercel.app/assets/img/hero/hero-counter1-2.png]
[frisk-nextapp.vercel.app/project-details/18.html]
[frisk-nextapp.vercel.app/assets/img/portfolio/portfolio3_1.jpg]
[frisk-nextapp.vercel.app/project-details/19.html]
[frisk-nextapp.vercel.app/assets/img/portfolio/portfolio3_2.jpg]
[frisk-nextapp.vercel.app/project-details/20.html]
[frisk-nextapp.vercel.app/assets/img/portfolio/portfolio3_3.jpg]
[frisk-nextapp.vercel.app/assets/img/normal/about_4-1.jpg]
[frisk-nextapp.vercel.app/blog-details/11.html]
[frisk-nextapp.vercel.app/assets/img/blog/blog_2_1.png]
[frisk-nextapp.vercel.app/blog-details/12.html]
[frisk-nextapp.vercel.app/assets/img/blog/blog_2_2.png]
[frisk-nextapp.vercel.app/blog-details/13.html]
[frisk-nextapp.vercel.app/assets/img/blog/blog_2_3.png]
[frisk-nextapp.vercel.app/home-4.html]
[frisk-nextapp.vercel.app/_next/static/chunks/app/(homes)/home-5/page-b330c0d7a9afd16e.js]
[frisk-nextapp.vercel.app/assets/img/hero/hero-5-1.webp]
[frisk-nextapp.vercel.app/assets/img/hero/hero-5-2.webp]
[frisk-nextapp.vercel.app/project-details/24.html]
[frisk-nextapp.vercel.app/assets/img/portfolio/portfolio4_1.png]
[frisk-nextapp.vercel.app/project-details/25.html]
[frisk-nextapp.vercel.app/assets/img/portfolio/portfolio4_2.png]
[frisk-nextapp.vercel.app/project-details/26.html]
[frisk-nextapp.vercel.app/assets/img/portfolio/portfolio4_3.png]
[frisk-nextapp.vercel.app/project-details/27.html]
[frisk-nextapp.vercel.app/assets/img/portfolio/portfolio4_4.png]
[frisk-nextapp.vercel.app/home-5.html]
[frisk-nextapp.vercel.app/_next/static/chunks/app/(homes)/home-6/page-5d809e1e8a40770c.js]
[frisk-nextapp.vercel.app/assets/img/hero/hero-6-1.webp]
[frisk-nextapp.vercel.app/service-details/11.html]
[frisk-nextapp.vercel.app/service-details/12.html]
[frisk-nextapp.vercel.app/service-details/13.html]
[frisk-nextapp.vercel.app/service-details/8.html]
[frisk-nextapp.vercel.app/service-details/9.html]
[frisk-nextapp.vercel.app/service-details/10.html]
[frisk-nextapp.vercel.app/assets/img/portfolio/portfolio5_1.jpg]
[frisk-nextapp.vercel.app/project-details/28.html]
[frisk-nextapp.vercel.app/assets/img/portfolio/portfolio5_2.jpg]
[frisk-nextapp.vercel.app/project-details/29.html]
[frisk-nextapp.vercel.app/assets/img/portfolio/portfolio5_3.jpg]
[frisk-nextapp.vercel.app/project-details/30.html]
[frisk-nextapp.vercel.app/assets/img/portfolio/portfolio5_4.jpg]
[frisk-nextapp.vercel.app/home-6.html]
[frisk-nextapp.vercel.app/project-details/31.html]
[frisk-nextapp.vercel.app/_next/static/chunks/app/(homes)/home-7/page-37ef343d1852aa32.js]
[frisk-nextapp.vercel.app/assets/img/hero/hero-7-1.jpg]
[frisk-nextapp.vercel.app/service-details.d3.delayed]
[frisk-nextapp.vercel.app/home-7.html]
[frisk-nextapp.vercel.app/_next/static/chunks/app/(homes)/home-8/page-c01c05e118e5d9d0.js]
[frisk-nextapp.vercel.app/assets/cv.pdf]
[frisk-nextapp.vercel.app/assets/img/hero/hero-8-1.png]
[frisk-nextapp.vercel.app/home-8.html]
[frisk-nextapp.vercel.app/_next/static/chunks/app/(homes)/home-9/page-7aa7d0526e574965.js]
[frisk-nextapp.vercel.app/project-details/38.html]
[frisk-nextapp.vercel.app/project-details/39.html]
[frisk-nextapp.vercel.app/project-details/40.html]
[frisk-nextapp.vercel.app/project-details/41.html]
[frisk-nextapp.vercel.app/project-details/42.html]
[frisk-nextapp.vercel.app/assets/img/portfolio/portfolio4_5.png]
[frisk-nextapp.vercel.app/project-details/43.html]
[frisk-nextapp.vercel.app/assets/img/portfolio/portfolio4_6.png]
[frisk-nextapp.vercel.app/project-details/44.html]
[frisk-nextapp.vercel.app/assets/img/portfolio/portfolio4_7.png]
[frisk-nextapp.vercel.app/project-details/45.html]
[frisk-nextapp.vercel.app/assets/img/portfolio/portfolio4_8.png]
[frisk-nextapp.vercel.app/project-details/46.html]
[frisk-nextapp.vercel.app/assets/img/portfolio/portfolio4_9.png]
[frisk-nextapp.vercel.app/project-details/47.html]
[frisk-nextapp.vercel.app/assets/img/portfolio/portfolio4_10.png]
[frisk-nextapp.vercel.app/home-9.html]
[frisk-nextapp.vercel.app/home-10.html]
[frisk-nextapp.vercel.app/_next/static/chunks/app/(homes)/home-10/page-57a3897f7f5e84ec.js]
[frisk-nextapp.vercel.app/home-11.html]
[frisk-nextapp.vercel.app/_next/static/chunks/app/(homes)/home-11/page-60a5d1e9d7fd96fb.js]
[frisk-nextapp.vercel.app/home-12.html]
[frisk-nextapp.vercel.app/_next/static/chunks/app/(homes)/home-12/page-a72831a0f16c7263.js]
[frisk-nextapp.vercel.app/_next/static/chunks/app/about/page-ecae37c0f43123b8.js]
[frisk-nextapp.vercel.app/assets/img/bg/breadcumb-bg1-1.jpg]
[frisk-nextapp.vercel.app/about.html]
[frisk-nextapp.vercel.app/_next/static/chunks/app/(services)/service/page-3b7c3980c6611d1f.js]
[frisk-nextapp.vercel.app/assets/img/bg/breadcumb-bg1-2.jpg]
[frisk-nextapp.vercel.app/service-details/14.html]
[frisk-nextapp.vercel.app/service-details/15.html]
[frisk-nextapp.vercel.app/service-details/16.html]
[frisk-nextapp.vercel.app/service-details/17.html]
[frisk-nextapp.vercel.app/service-details/18.html]
[frisk-nextapp.vercel.app/service.html]
[frisk-nextapp.vercel.app/service-details/19.html]
[frisk-nextapp.vercel.app/service-2.html]
[frisk-nextapp.vercel.app/_next/static/chunks/app/(services)/service-2/page-ded8d4513ad3cd31.js]
[frisk-nextapp.vercel.app/_next/static/chunks/app/(services)/service-3/page-a13bda9bb4f80148.js]
[frisk-nextapp.vercel.app/service-3.html]
[frisk-nextapp.vercel.app/_next/static/chunks/app/(services)/service-details/[id]/page-8154f5a0336fa156.js]
[frisk-nextapp.vercel.app/assets/img/service/service-details1-1.png]
[frisk-nextapp.vercel.app/assets/img/normal/video_2-2.png]
[frisk-nextapp.vercel.app/service-details/2.html]
[frisk-nextapp.vercel.app/_next/static/chunks/app/(team)/team/page-b8125b3650696fa0.js]
[frisk-nextapp.vercel.app/assets/img/bg/breadcumb-bg1-3.jpg]
[frisk-nextapp.vercel.app/team-details/5.html]
[frisk-nextapp.vercel.app/team-details/6.html]
[frisk-nextapp.vercel.app/team-details/7.html]
[frisk-nextapp.vercel.app/team.html]
[frisk-nextapp.vercel.app/team-details/8.html]
[frisk-nextapp.vercel.app/team-details/2.html]
[frisk-nextapp.vercel.app/_next/static/chunks/app/(team)/team-details/[id]/page-8912e04686397768.js]
[frisk-nextapp.vercel.app/_next/static/chunks/app/pricing/page-caa57604500afa47.js]
[frisk-nextapp.vercel.app/assets/img/bg/breadcumb-bg1-4.jpg]
[frisk-nextapp.vercel.app/pricing.html]
[frisk-nextapp.vercel.app/assets/img/product/product_1_1.jpg]
[frisk-nextapp.vercel.app/assets/img/product/product_1_2.jpg]
[frisk-nextapp.vercel.app/assets/img/product/product_1_3.jpg]
[frisk-nextapp.vercel.app/assets/img/product/product_1_4.jpg]
[frisk-nextapp.vercel.app/assets/img/product/product_1_5.jpg]
[frisk-nextapp.vercel.app/assets/img/product/product_1_6.jpg]
[frisk-nextapp.vercel.app/assets/img/product/product_1_7.jpg]
[frisk-nextapp.vercel.app/assets/img/product/product_1_8.jpg]
[frisk-nextapp.vercel.app/_next/static/chunks/7215-5631a5127bf7e7dc.js]
[frisk-nextapp.vercel.app/_next/static/chunks/3264-e310234b70294c78.js]
[frisk-nextapp.vercel.app/_next/static/chunks/app/(shop)/shop/page-3ca460c64c5641f8.js]
[frisk-nextapp.vercel.app/cart.111.delayed]
[frisk-nextapp.vercel.app/assets/img/bg/breadcumb-bg1-9.jpg]
[frisk-nextapp.vercel.app/shop-details/1.html]
[frisk-nextapp.vercel.app/shop-details/3.html]
[frisk-nextapp.vercel.app/shop-details/4.html]
[frisk-nextapp.vercel.app/shop-details/5.html]
[frisk-nextapp.vercel.app/shop-details/6.html]
[frisk-nextapp.vercel.app/shop-details/7.html]
[frisk-nextapp.vercel.app/shop.html]
[frisk-nextapp.vercel.app/shop-details/8.html]
[frisk-nextapp.vercel.app/_next/static/chunks/app/(shop)/shop-details/[id]/page-65651ac68c8016e2.js]
[frisk-nextapp.vercel.app/shop-details/cart.html]
[frisk-nextapp.vercel.app/assets/img/product/product_details_1_3.jpg]
[frisk-nextapp.vercel.app/assets/img/product/product_details_1_2.jpg]
[frisk-nextapp.vercel.app/assets/img/product/product_details_1_1.jpg]
[frisk-nextapp.vercel.app/assets/img/blog/comment01.png]
[frisk-nextapp.vercel.app/blog-details.121.delayed]
[frisk-nextapp.vercel.app/shop-details/2.html]
[frisk-nextapp.vercel.app/cart.html]
[frisk-nextapp.vercel.app/_next/static/chunks/app/(shop)/cart/page-09f1d7cb9de23777.js]
[frisk-nextapp.vercel.app/checkout.html]
[frisk-nextapp.vercel.app/_next/static/chunks/app/(shop)/checkout/page-74ac87c3d6239d6e.js]
[frisk-nextapp.vercel.app/_next/static/chunks/app/faq/page-a761db8faadd347b.js]
[frisk-nextapp.vercel.app/assets/img/bg/breadcumb-bg1-5.jpg]
[frisk-nextapp.vercel.app/faq.html]
[frisk-nextapp.vercel.app/_next/static/chunks/app/error/page-5c10bef2a8dfb15e.js]
[frisk-nextapp.vercel.app/assets/img/normal/404.png]
[frisk-nextapp.vercel.app/error.html]
[frisk-nextapp.vercel.app/_next/static/chunks/app/(portfolio)/project/page-8743b6e22734c209.js]
[frisk-nextapp.vercel.app/assets/img/bg/breadcumb-bg1-7.jpg]
[frisk-nextapp.vercel.app/project-details/5.html]
[frisk-nextapp.vercel.app/assets/img/portfolio/portfolio1_5.png]
[frisk-nextapp.vercel.app/project-details/6.html]
[frisk-nextapp.vercel.app/assets/img/portfolio/portfolio1_6.png]
[frisk-nextapp.vercel.app/project.html]
[frisk-nextapp.vercel.app/_next/static/chunks/app/(portfolio)/project-2/page-8a564b945db2adf9.js]
[frisk-nextapp.vercel.app/project-details/21.html]
[frisk-nextapp.vercel.app/assets/img/portfolio/portfolio3_4.png]
[frisk-nextapp.vercel.app/project-details/22.html]
[frisk-nextapp.vercel.app/assets/img/portfolio/portfolio3_5.png]
[frisk-nextapp.vercel.app/project-details/23.html]
[frisk-nextapp.vercel.app/assets/img/portfolio/portfolio3_6.png]
[frisk-nextapp.vercel.app/project-2.html]
[frisk-nextapp.vercel.app/_next/static/chunks/app/(portfolio)/project-3/page-79144072acf617f7.js]
[frisk-nextapp.vercel.app/project-details/32.html]
[frisk-nextapp.vercel.app/project-details/33.html]
[frisk-nextapp.vercel.app/project-details/34.html]
[frisk-nextapp.vercel.app/project-details/35.html]
[frisk-nextapp.vercel.app/project-details/36.html]
[frisk-nextapp.vercel.app/project-3.html]
[frisk-nextapp.vercel.app/project-details/37.html]
[frisk-nextapp.vercel.app/_next/static/chunks/app/(portfolio)/project-4/page-7c2ce94b4dfe05d8.js]
[frisk-nextapp.vercel.app/project-4.html]
[frisk-nextapp.vercel.app/project-5.html]
[frisk-nextapp.vercel.app/_next/static/chunks/app/(portfolio)/project-5/page-21150d8017f02789.js]
[frisk-nextapp.vercel.app/project-6.html]
[frisk-nextapp.vercel.app/_next/static/chunks/app/(portfolio)/project-6/page-8955da58bf76a0ac.js]
[frisk-nextapp.vercel.app/_next/static/chunks/app/(portfolio)/project-details/[id]/page-51e7f77db9f7fe77.js]
[frisk-nextapp.vercel.app/assets/img/portfolio/portfolio_inner_2.png]
[frisk-nextapp.vercel.app/assets/img/portfolio/portfolio_inner_1.png]
[frisk-nextapp.vercel.app/project-details/2.html]
[frisk-nextapp.vercel.app/_next/static/chunks/app/(blog)/blog/page-8d858242c1d126b8.js]
[frisk-nextapp.vercel.app/assets/img/bg/breadcumb-bg1-8.jpg]
[frisk-nextapp.vercel.app/blog-details/5.html]
[frisk-nextapp.vercel.app/assets/img/blog/blog_post1_1.png]
[frisk-nextapp.vercel.app/blog-details/6.html]
[frisk-nextapp.vercel.app/assets/img/blog/blog_post1_2.png]
[frisk-nextapp.vercel.app/blog-details/7.html]
[frisk-nextapp.vercel.app/assets/img/blog/blog_post1_3.png]
[frisk-nextapp.vercel.app/blog-details/8.html]
[frisk-nextapp.vercel.app/assets/img/blog/blog_post1_4.png]
[frisk-nextapp.vercel.app/blog-details/14.html]
[frisk-nextapp.vercel.app/assets/img/blog/sb_post01.jpg]
[frisk-nextapp.vercel.app/blog-details/15.html]
[frisk-nextapp.vercel.app/assets/img/blog/sb_post02.jpg]
[frisk-nextapp.vercel.app/blog-details/16.html]
[frisk-nextapp.vercel.app/assets/img/blog/sb_post03.jpg]
[frisk-nextapp.vercel.app/blog.html]
[frisk-nextapp.vercel.app/_next/static/chunks/app/(blog)/blog-2/page-40ed10010e92f3ed.js]
[frisk-nextapp.vercel.app/blog-details/9.html]
[frisk-nextapp.vercel.app/assets/img/blog/blog_post1_5.png]
[frisk-nextapp.vercel.app/blog-details/10.html]
[frisk-nextapp.vercel.app/assets/img/blog/blog_post1_6.png]
[frisk-nextapp.vercel.app/blog-2.html]
[frisk-nextapp.vercel.app/_next/static/chunks/app/(blog)/blog-details/[id]/page-5d679126c21470ef.js]
[frisk-nextapp.vercel.app/assets/img/blog/blog_details02.jpg]
[frisk-nextapp.vercel.app/assets/img/blog/blog_details03.jpg]
[frisk-nextapp.vercel.app/assets/img/blog/blog_avatar01.png]
[frisk-nextapp.vercel.app/assets/img/blog/comment02.png]
[frisk-nextapp.vercel.app/blog-details/2.html]
[frisk-nextapp.vercel.app/assets/img/icon/search.svg]
[frisk-nextapp.vercel.app/assets/img/icon/worldwide.svg]
[frisk-nextapp.vercel.app/assets/img/icon/arrow-left-top.svg]
[frisk-nextapp.vercel.app/project-details/1.html]
[frisk-nextapp.vercel.app/project-details/3.html]
[frisk-nextapp.vercel.app/project-details/4.html]
[frisk-nextapp.vercel.app/team-details/1.html]
[frisk-nextapp.vercel.app/team-details/3.html]
[frisk-nextapp.vercel.app/team-details/4.html]
[frisk-nextapp.vercel.app/assets/img/icon/quote.svg]
[frisk-nextapp.vercel.app/blog-details/1.html]
[frisk-nextapp.vercel.app/blog-details/3.html]
[frisk-nextapp.vercel.app/404]
[frisk-nextapp.vercel.app/404-2]
[frisk-nextapp.vercel.app/assets/img/icon/location-pin-alt.svg]
[frisk-nextapp.vercel.app/assets/img/icon/speech-bubble.svg]
[frisk-nextapp.vercel.app/assets/img/icon/phone.svg]
[frisk-nextapp.vercel.app/assets/img/logo-white-sm.svg]
[frisk-nextapp.vercel.app/assets/img/icon/feature-icon1-1.svg]
[frisk-nextapp.vercel.app/service-details/1.html]
[frisk-nextapp.vercel.app/assets/img/icon/feature-icon1-2.svg]
[frisk-nextapp.vercel.app/assets/img/icon/feature-icon1-3.svg]
[frisk-nextapp.vercel.app/service-details/3.html]
[frisk-nextapp.vercel.app/assets/img/icon/feature-icon1-4.svg]
[frisk-nextapp.vercel.app/service-details/4.html]
[frisk-nextapp.vercel.app/project-details/11.html]
[frisk-nextapp.vercel.app/project-details/12.html]
[frisk-nextapp.vercel.app/project-details/7.html]
[frisk-nextapp.vercel.app/project-details/8.html]
[frisk-nextapp.vercel.app/project-details/9.html]
[frisk-nextapp.vercel.app/project-details/10.html]
[frisk-nextapp.vercel.app/assets/img/client/client-1-1.svg]
[frisk-nextapp.vercel.app/assets/img/client/client-1-2.svg]
[frisk-nextapp.vercel.app/assets/img/client/client-1-3.svg]
[frisk-nextapp.vercel.app/assets/img/client/client-1-4.svg]
[frisk-nextapp.vercel.app/assets/img/client/client-1-5.svg]
[frisk-nextapp.vercel.app/assets/img/client/client-1-6.svg]
[frisk-nextapp.vercel.app/assets/img/client/client-1-7.svg]
[frisk-nextapp.vercel.app/assets/img/client/client-1-8.svg]
[frisk-nextapp.vercel.app/project-details/13.html]
[frisk-nextapp.vercel.app/project-details/14.html]
[frisk-nextapp.vercel.app/project-details/15.html]
[frisk-nextapp.vercel.app/project-details/16.html]
[frisk-nextapp.vercel.app/project-details/17.html]
[frisk-nextapp.vercel.app/service-details/5.html]
[frisk-nextapp.vercel.app/service-details/6.html]
[frisk-nextapp.vercel.app/service-details/7.html]
[frisk-nextapp.vercel.app/project-details/18.html]
[frisk-nextapp.vercel.app/project-details/19.html]
[frisk-nextapp.vercel.app/project-details/20.html]
[frisk-nextapp.vercel.app/blog-details/11.html]
[frisk-nextapp.vercel.app/blog-details/12.html]
[frisk-nextapp.vercel.app/blog-details/13.html]
[frisk-nextapp.vercel.app/project-details/24.html]
[frisk-nextapp.vercel.app/project-details/25.html]
[frisk-nextapp.vercel.app/project-details/26.html]
[frisk-nextapp.vercel.app/project-details/27.html]
[frisk-nextapp.vercel.app/service-details/11.html]
[frisk-nextapp.vercel.app/service-details/12.html]
[frisk-nextapp.vercel.app/service-details/13.html]
[frisk-nextapp.vercel.app/service-details/8.html]
[frisk-nextapp.vercel.app/service-details/9.html]
[frisk-nextapp.vercel.app/service-details/10.html]
[frisk-nextapp.vercel.app/project-details/28.html]
[frisk-nextapp.vercel.app/project-details/29.html]
[frisk-nextapp.vercel.app/project-details/30.html]
[frisk-nextapp.vercel.app/project-details/31.html]
[frisk-nextapp.vercel.app/404-3]
[frisk-nextapp.vercel.app/assets/img/icon/download.svg]
[frisk-nextapp.vercel.app/project-details/38.html]
[frisk-nextapp.vercel.app/project-details/39.html]
[frisk-nextapp.vercel.app/project-details/40.html]
[frisk-nextapp.vercel.app/project-details/41.html]
[frisk-nextapp.vercel.app/project-details/42.html]
[frisk-nextapp.vercel.app/project-details/43.html]
[frisk-nextapp.vercel.app/project-details/44.html]
[frisk-nextapp.vercel.app/project-details/45.html]
[frisk-nextapp.vercel.app/project-details/46.html]
[frisk-nextapp.vercel.app/project-details/47.html]
[frisk-nextapp.vercel.app/service-details/14.html]
[frisk-nextapp.vercel.app/service-details/15.html]
[frisk-nextapp.vercel.app/service-details/16.html]
[frisk-nextapp.vercel.app/service-details/17.html]
[frisk-nextapp.vercel.app/assets/img/icon/feature-icon1-5.svg]
[frisk-nextapp.vercel.app/service-details/18.html]
[frisk-nextapp.vercel.app/assets/img/icon/feature-icon1-6.svg]
[frisk-nextapp.vercel.app/service-details/19.html]
[frisk-nextapp.vercel.app/team-details/5.html]
[frisk-nextapp.vercel.app/team-details/6.html]
[frisk-nextapp.vercel.app/team-details/7.html]
[frisk-nextapp.vercel.app/team-details/8.html]
[frisk-nextapp.vercel.app/404-4]
[frisk-nextapp.vercel.app/assets/img/icon/shopping-cart.svg]
[frisk-nextapp.vercel.app/shop-details/1.html]
[frisk-nextapp.vercel.app/shop-details/3.html]
[frisk-nextapp.vercel.app/shop-details/4.html]
[frisk-nextapp.vercel.app/shop-details/5.html]
[frisk-nextapp.vercel.app/shop-details/6.html]
[frisk-nextapp.vercel.app/shop-details/7.html]
[frisk-nextapp.vercel.app/shop-details/8.html]
[frisk-nextapp.vercel.app/shop-details/cart.html]
[frisk-nextapp.vercel.app/404-5]
[frisk-nextapp.vercel.app/project-details/5.html]
[frisk-nextapp.vercel.app/project-details/6.html]
[frisk-nextapp.vercel.app/project-details/21.html]
[frisk-nextapp.vercel.app/project-details/22.html]
[frisk-nextapp.vercel.app/project-details/23.html]
[frisk-nextapp.vercel.app/project-details/32.html]
[frisk-nextapp.vercel.app/project-details/33.html]
[frisk-nextapp.vercel.app/project-details/34.html]
[frisk-nextapp.vercel.app/project-details/35.html]
[frisk-nextapp.vercel.app/project-details/36.html]
[frisk-nextapp.vercel.app/project-details/37.html]
[frisk-nextapp.vercel.app/blog-details/5.html]
[frisk-nextapp.vercel.app/blog-details/6.html]
[frisk-nextapp.vercel.app/blog-details/7.html]
[frisk-nextapp.vercel.app/blog-details/8.html]
[frisk-nextapp.vercel.app/blog-details/14.html]
[frisk-nextapp.vercel.app/blog-details/15.html]
[frisk-nextapp.vercel.app/blog-details/16.html]
[frisk-nextapp.vercel.app/blog-details/9.html]
[frisk-nextapp.vercel.app/blog-details/10.html]
